0 info it worked if it ends with ok
1 verbose cli [ '/usr/local/Cellar/node/5.0.0/bin/node',
1 verbose cli   '/usr/local/bin/npm',
1 verbose cli   'run',
1 verbose cli   'devserve' ]
2 info using npm@3.3.9
3 info using node@v5.0.0
4 verbose run-script [ 'predevserve', 'devserve', 'postdevserve' ]
5 info lifecycle Blabber@0.0.1~predevserve: Blabber@0.0.1
6 silly lifecycle Blabber@0.0.1~predevserve: no script for predevserve, continuing
7 info lifecycle Blabber@0.0.1~devserve: Blabber@0.0.1
8 verbose lifecycle Blabber@0.0.1~devserve: unsafe-perm in lifecycle true
9 verbose lifecycle Blabber@0.0.1~devserve: PATH: /usr/local/lib/node_modules/npm/bin/node-gyp-bin:/Users/peel/Downloads/wrk/rails-api-react-demo-starter/node_modules/.bin:/Users/peel/.rvm/gems/ruby-2.2.0@blabber/bin:/Users/peel/.rvm/gems/ruby-2.2.0@global/bin:/Users/peel/.rvm/rubies/ruby-2.2.0/bin:/Users/peel/.rvm/bin:/usr/local/bin:/usr/local/sbin:/usr/bin:/bin:/usr/sbin:/sbin:/Users/peel/.yadr/bin:/Users/peel/.yadr/bin/yadr
10 verbose lifecycle Blabber@0.0.1~devserve: CWD: /Users/peel/Downloads/wrk/rails-api-react-demo-starter
11 silly lifecycle Blabber@0.0.1~devserve: Args: [ '-c',
11 silly lifecycle   'webpack-dev-server -d --config webpack.dev.config.js --content-base public/ --progress --colors' ]
12 silly lifecycle Blabber@0.0.1~devserve: Returned: code: 1  signal: null
13 info lifecycle Blabber@0.0.1~devserve: Failed to exec devserve script
14 verbose stack Error: Blabber@0.0.1 devserve: `webpack-dev-server -d --config webpack.dev.config.js --content-base public/ --progress --colors`
14 verbose stack Exit status 1
14 verbose stack     at EventEmitter.<anonymous> (/usr/local/lib/node_modules/npm/lib/utils/lifecycle.js:233:16)
14 verbose stack     at emitTwo (events.js:87:13)
14 verbose stack     at EventEmitter.emit (events.js:172:7)
14 verbose stack     at ChildProcess.<anonymous> (/usr/local/lib/node_modules/npm/lib/utils/spawn.js:24:14)
14 verbose stack     at emitTwo (events.js:87:13)
14 verbose stack     at ChildProcess.emit (events.js:172:7)
14 verbose stack     at maybeClose (internal/child_process.js:818:16)
14 verbose stack     at Process.ChildProcess._handle.onexit (internal/child_process.js:211:5)
15 verbose pkgid Blabber@0.0.1
16 verbose cwd /Users/peel/Downloads/wrk/rails-api-react-demo-starter
17 error Darwin 15.0.0
18 error argv "/usr/local/Cellar/node/5.0.0/bin/node" "/usr/local/bin/npm" "run" "devserve"
19 error node v5.0.0
20 error npm  v3.3.9
21 error code ELIFECYCLE
22 error Blabber@0.0.1 devserve: `webpack-dev-server -d --config webpack.dev.config.js --content-base public/ --progress --colors`
22 error Exit status 1
23 error Failed at the Blabber@0.0.1 devserve script 'webpack-dev-server -d --config webpack.dev.config.js --content-base public/ --progress --colors'.
23 error This is most likely a problem with the Blabber package,
23 error not with npm itself.
23 error Tell the author that this fails on your system:
23 error     webpack-dev-server -d --config webpack.dev.config.js --content-base public/ --progress --colors
23 error You can get their info via:
23 error     npm owner ls Blabber
23 error There is likely additional logging output above.
24 verbose exit [ 1, true ]
